<?xml version="1.0" encoding="utf-8"?>
<CoverageSession>
  <Summary numSequencePoints="4" visitedSequencePoints="0" numBranchPoints="0" visitedBranchPoints="0" sequenceCoverage="0" branchCoverage="100" maxCyclomaticComplexity="1" minCyclomaticComplexity="1" visitedClasses="0" numClasses="1" visitedMethods="0" numMethods="1" />
  <Modules>
    <Module hash="4ACC44A0-11B6-4EE6-ABDD-153FB4F97287">
      <ModulePath>FirstLib.dll</ModulePath>
      <ModuleTime>2020-09-08T12:57:37</ModuleTime>
      <ModuleName>FirstLib</ModuleName>
      <Files>
        <File uid="1" fullPath="C:\Users\yashk\Desktop\PSBootscamp\dotNet\FirstDotNetProject\FirstLib\Addition.cs" />
      </Files>
      <Classes>
        <Class>
          <Summary numSequencePoints="4" visitedSequencePoints="0" numBranchPoints="0" visitedBranchPoints="0" sequenceCoverage="0" branchCoverage="100" maxCyclomaticComplexity="1" minCyclomaticComplexity="1" visitedClasses="0" numClasses="1" visitedMethods="0" numMethods="1" />
          <FullName>FirstLib.Addition</FullName>
          <Methods>
            <Method cyclomaticComplexity="1" nPathComplexity="0" sequenceCoverage="0" branchCoverage="100" isConstructor="False" isGetter="False" isSetter="False" isStatic="True">
              <Summary numSequencePoints="4" visitedSequencePoints="0" numBranchPoints="0" visitedBranchPoints="0" sequenceCoverage="0" branchCoverage="100" maxCyclomaticComplexity="1" minCyclomaticComplexity="1" visitedClasses="0" numClasses="0" visitedMethods="0" numMethods="1" />
              <MetadataToken />
              <Name>System.String FirstLib.Addition::display()</Name>
              <FileRef uid="1" />
              <SequencePoints>
                <SequencePoint vc="0" uspid="7" ordinal="0" sl="7" sc="1" el="7" ec="2" bec="0" bev="0" fileid="1" />
                <SequencePoint vc="0" uspid="8" ordinal="1" sl="8" sc="1" el="8" ec="2" bec="0" bev="0" fileid="1" />
                <SequencePoint vc="0" uspid="9" ordinal="2" sl="9" sc="1" el="9" ec="2" bec="0" bev="0" fileid="1" />
                <SequencePoint vc="0" uspid="10" ordinal="3" sl="10" sc="1" el="10" ec="2" bec="0" bev="0" fileid="1" />
              </SequencePoints>
              <BranchPoints />
              <MethodPoint vc="0" uspid="0" p8:type="SequencePoint" ordinal="0" offset="0" sc="0" sl="7" ec="1" el="10" bec="0" bev="0" fileid="1" xmlns:p8="xsi" />
            </Method>
          </Methods>
        </Class>
      </Classes>
    </Module>
  </Modules>
</CoverageSession>